This file contains any messages produced by compilers while
running configure, to aid debugging if configure makes a mistake.

It was created by gbzadmin3 configure 2.4.2, which was
generated by GNU Autoconf 2.69.  Invocation command line was

  $ ./configure --prefix=/home/mike

## --------- ##
## Platform. ##
## --------- ##

hostname = mrcoffee
uname -m = x86_64
uname -r = 3.13.0-custom
uname -s = Linux
uname -v = #1 SMP Mon Jan 20 16:40:59 EST 2014

/usr/bin/uname -p = unknown
/bin/uname -X     = unknown

/bin/arch              = unknown
/usr/bin/arch -k       = unknown
/usr/convex/getsysinfo = unknown
/usr/bin/hostinfo      = unknown
/bin/machine           = unknown
/usr/bin/oslevel       = unknown
/bin/universe          = unknown

PATH: /usr/bin
PATH: /home/mike/bin
PATH: /usr/lib/lightdm/lightdm
PATH: /usr/local/sbin
PATH: /usr/local/bin
PATH: /usr/sbin
PATH: /usr/bin
PATH: /sbin
PATH: /bin
PATH: /usr/games
PATH: /usr/local/games


## ----------- ##
## Core tests. ##
## ----------- ##

configure:2458: checking for a BSD-compatible install
configure:2526: result: /usr/bin/install -c
configure:2537: checking whether build environment is sane
configure:2592: result: yes
configure:2630: WARNING: 'missing' script is too old or missing
configure:2743: checking for a thread-safe mkdir -p
configure:2782: result: /bin/mkdir -p
configure:2789: checking for gawk
configure:2805: found /usr/bin/gawk
configure:2816: result: gawk
configure:2827: checking whether make sets $(MAKE)
configure:2849: result: yes
configure:2878: checking whether make supports nested variables
configure:2895: result: yes
configure:2982: checking whether to enable maintainer-specific portions of Makefiles
configure:2991: result: no
configure:3027: checking for style of include used by make
configure:3055: result: GNU
configure:3126: checking for gcc
configure:3142: found /usr/bin/gcc
configure:3153: result: gcc
configure:3382: checking for C compiler version
configure:3391: gcc --version >&5
gcc (Ubuntu/Linaro 4.8.1-10ubuntu9) 4.8.1
Copyright (C) 2013 Free Software Foundation, Inc.
This is free software; see the source for copying conditions.  There is NO
warranty; not even for MERCHANTABILITY or FITNESS FOR A PARTICULAR PURPOSE.

configure:3402: $? = 0
configure:3391: gcc -v >&5
Using built-in specs.
COLLECT_GCC=gcc
COLLECT_LTO_WRAPPER=/usr/lib/gcc/x86_64-linux-gnu/4.8/lto-wrapper
Target: x86_64-linux-gnu
Configured with: ../src/configure -v --with-pkgversion='Ubuntu/Linaro 4.8.1-10ubuntu9' --with-bugurl=file:///usr/share/doc/gcc-4.8/README.Bugs --enable-languages=c,c++,java,go,d,fortran,objc,obj-c++ --prefix=/usr --program-suffix=-4.8 --enable-shared --enable-linker-build-id --libexecdir=/usr/lib --without-included-gettext --enable-threads=posix --with-gxx-include-dir=/usr/include/c++/4.8 --libdir=/usr/lib --enable-nls --with-sysroot=/ --enable-clocale=gnu --enable-libstdcxx-debug --enable-libstdcxx-time=yes --enable-gnu-unique-object --enable-plugin --with-system-zlib --disable-browser-plugin --enable-java-awt=gtk --enable-gtk-cairo --with-java-home=/usr/lib/jvm/java-1.5.0-gcj-4.8-amd64/jre --enable-java-home --with-jvm-root-dir=/usr/lib/jvm/java-1.5.0-gcj-4.8-amd64 --with-jvm-jar-dir=/usr/lib/jvm-exports/java-1.5.0-gcj-4.8-amd64 --with-arch-directory=amd64 --with-ecj-jar=/usr/share/java/eclipse-ecj.jar --enable-objc-gc --enable-multiarch --disable-werror --with-arch-32=i686 --with-abi=m64 --with-multilib-list=m32,m64,mx32 --with-tune=generic --enable-checking=release --build=x86_64-linux-gnu --host=x86_64-linux-gnu --target=x86_64-linux-gnu
Thread model: posix
gcc version 4.8.1 (Ubuntu/Linaro 4.8.1-10ubuntu9) 
configure:3402: $? = 0
configure:3391: gcc -V >&5
gcc: error: unrecognized command line option '-V'
gcc: fatal error: no input files
compilation terminated.
configure:3402: $? = 4
configure:3391: gcc -qversion >&5
gcc: error: unrecognized command line option '-qversion'
gcc: fatal error: no input files
compilation terminated.
configure:3402: $? = 4
configure:3422: checking whether the C compiler works
configure:3444: gcc    conftest.c  >&5
configure:3448: $? = 0
configure:3496: result: yes
configure:3499: checking for C compiler default output file name
configure:3501: result: a.out
configure:3507: checking for suffix of executables
configure:3514: gcc -o conftest    conftest.c  >&5
configure:3518: $? = 0
configure:3540: result: 
configure:3562: checking whether we are cross compiling
configure:3570: gcc -o conftest    conftest.c  >&5
configure:3574: $? = 0
configure:3581: ./conftest
configure:3585: $? = 0
configure:3600: result: no
configure:3605: checking for suffix of object files
configure:3627: gcc -c   conftest.c >&5
configure:3631: $? = 0
configure:3652: result: o
configure:3656: checking whether we are using the GNU C compiler
configure:3675: gcc -c   conftest.c >&5
configure:3675: $? = 0
configure:3684: result: yes
configure:3693: checking whether gcc accepts -g
configure:3713: gcc -c -g  conftest.c >&5
configure:3713: $? = 0
configure:3754: result: yes
configure:3771: checking for gcc option to accept ISO C89
configure:3834: gcc  -c   conftest.c >&5
configure:3834: $? = 0
configure:3847: result: none needed
configure:3869: checking dependency style of gcc
configure:3980: result: gcc3
configure:3996: checking for library containing strerror
configure:4027: gcc -o conftest    conftest.c  >&5
configure:4027: $? = 0
configure:4044: result: none required
configure:4100: checking for gcc
configure:4127: result: gcc
configure:4356: checking for C compiler version
configure:4365: gcc --version >&5
gcc (Ubuntu/Linaro 4.8.1-10ubuntu9) 4.8.1
Copyright (C) 2013 Free Software Foundation, Inc.
This is free software; see the source for copying conditions.  There is NO
warranty; not even for MERCHANTABILITY or FITNESS FOR A PARTICULAR PURPOSE.

configure:4376: $? = 0
configure:4365: gcc -v >&5
Using built-in specs.
COLLECT_GCC=gcc
COLLECT_LTO_WRAPPER=/usr/lib/gcc/x86_64-linux-gnu/4.8/lto-wrapper
Target: x86_64-linux-gnu
Configured with: ../src/configure -v --with-pkgversion='Ubuntu/Linaro 4.8.1-10ubuntu9' --with-bugurl=file:///usr/share/doc/gcc-4.8/README.Bugs --enable-languages=c,c++,java,go,d,fortran,objc,obj-c++ --prefix=/usr --program-suffix=-4.8 --enable-shared --enable-linker-build-id --libexecdir=/usr/lib --without-included-gettext --enable-threads=posix --with-gxx-include-dir=/usr/include/c++/4.8 --libdir=/usr/lib --enable-nls --with-sysroot=/ --enable-clocale=gnu --enable-libstdcxx-debug --enable-libstdcxx-time=yes --enable-gnu-unique-object --enable-plugin --with-system-zlib --disable-browser-plugin --enable-java-awt=gtk --enable-gtk-cairo --with-java-home=/usr/lib/jvm/java-1.5.0-gcj-4.8-amd64/jre --enable-java-home --with-jvm-root-dir=/usr/lib/jvm/java-1.5.0-gcj-4.8-amd64 --with-jvm-jar-dir=/usr/lib/jvm-exports/java-1.5.0-gcj-4.8-amd64 --with-arch-directory=amd64 --with-ecj-jar=/usr/share/java/eclipse-ecj.jar --enable-objc-gc --enable-multiarch --disable-werror --with-arch-32=i686 --with-abi=m64 --with-multilib-list=m32,m64,mx32 --with-tune=generic --enable-checking=release --build=x86_64-linux-gnu --host=x86_64-linux-gnu --target=x86_64-linux-gnu
Thread model: posix
gcc version 4.8.1 (Ubuntu/Linaro 4.8.1-10ubuntu9) 
configure:4376: $? = 0
configure:4365: gcc -V >&5
gcc: error: unrecognized command line option '-V'
gcc: fatal error: no input files
compilation terminated.
configure:4376: $? = 4
configure:4365: gcc -qversion >&5
gcc: error: unrecognized command line option '-qversion'
gcc: fatal error: no input files
compilation terminated.
configure:4376: $? = 4
configure:4380: checking whether we are using the GNU C compiler
configure:4408: result: yes
configure:4417: checking whether gcc accepts -g
configure:4478: result: yes
configure:4495: checking for gcc option to accept ISO C89
configure:4571: result: none needed
configure:4593: checking dependency style of gcc
configure:4704: result: gcc3
configure:4777: checking for g++
configure:4793: found /usr/bin/g++
configure:4804: result: g++
configure:4831: checking for C++ compiler version
configure:4840: g++ --version >&5
g++ (Ubuntu/Linaro 4.8.1-10ubuntu9) 4.8.1
Copyright (C) 2013 Free Software Foundation, Inc.
This is free software; see the source for copying conditions.  There is NO
warranty; not even for MERCHANTABILITY or FITNESS FOR A PARTICULAR PURPOSE.

configure:4851: $? = 0
configure:4840: g++ -v >&5
Using built-in specs.
COLLECT_GCC=g++
COLLECT_LTO_WRAPPER=/usr/lib/gcc/x86_64-linux-gnu/4.8/lto-wrapper
Target: x86_64-linux-gnu
Configured with: ../src/configure -v --with-pkgversion='Ubuntu/Linaro 4.8.1-10ubuntu9' --with-bugurl=file:///usr/share/doc/gcc-4.8/README.Bugs --enable-languages=c,c++,java,go,d,fortran,objc,obj-c++ --prefix=/usr --program-suffix=-4.8 --enable-shared --enable-linker-build-id --libexecdir=/usr/lib --without-included-gettext --enable-threads=posix --with-gxx-include-dir=/usr/include/c++/4.8 --libdir=/usr/lib --enable-nls --with-sysroot=/ --enable-clocale=gnu --enable-libstdcxx-debug --enable-libstdcxx-time=yes --enable-gnu-unique-object --enable-plugin --with-system-zlib --disable-browser-plugin --enable-java-awt=gtk --enable-gtk-cairo --with-java-home=/usr/lib/jvm/java-1.5.0-gcj-4.8-amd64/jre --enable-java-home --with-jvm-root-dir=/usr/lib/jvm/java-1.5.0-gcj-4.8-amd64 --with-jvm-jar-dir=/usr/lib/jvm-exports/java-1.5.0-gcj-4.8-amd64 --with-arch-directory=amd64 --with-ecj-jar=/usr/share/java/eclipse-ecj.jar --enable-objc-gc --enable-multiarch --disable-werror --with-arch-32=i686 --with-abi=m64 --with-multilib-list=m32,m64,mx32 --with-tune=generic --enable-checking=release --build=x86_64-linux-gnu --host=x86_64-linux-gnu --target=x86_64-linux-gnu
Thread model: posix
gcc version 4.8.1 (Ubuntu/Linaro 4.8.1-10ubuntu9) 
configure:4851: $? = 0
configure:4840: g++ -V >&5
g++: error: unrecognized command line option '-V'
g++: fatal error: no input files
compilation terminated.
configure:4851: $? = 4
configure:4840: g++ -qversion >&5
g++: error: unrecognized command line option '-qversion'
g++: fatal error: no input files
compilation terminated.
configure:4851: $? = 4
configure:4855: checking whether we are using the GNU C++ compiler
configure:4874: g++ -c   conftest.cpp >&5
configure:4874: $? = 0
configure:4883: result: yes
configure:4892: checking whether g++ accepts -g
configure:4912: g++ -c -g  conftest.cpp >&5
configure:4912: $? = 0
configure:4953: result: yes
configure:4978: checking dependency style of g++
configure:5089: result: gcc3
configure:5109: checking how to run the C preprocessor
configure:5140: gcc -E  conftest.c
configure:5140: $? = 0
configure:5154: gcc -E  conftest.c
conftest.c:11:28: fatal error: ac_nonexistent.h: No such file or directory
 #include <ac_nonexistent.h>
                            ^
compilation terminated.
configure:5154: $? = 1
configure: failed program was:
| /* confdefs.h */
| #define PACKAGE_NAME "gbzadmin3"
| #define PACKAGE_TARNAME "gbzadmin3"
| #define PACKAGE_VERSION "2.4.2"
| #define PACKAGE_STRING "gbzadmin3 2.4.2"
| #define PACKAGE_BUGREPORT ""
| #define PACKAGE_URL ""
| #define PACKAGE "gbzadmin3"
| #define VERSION "2.4.2"
| /* end confdefs.h.  */
| #include <ac_nonexistent.h>
configure:5179: result: gcc -E
configure:5199: gcc -E  conftest.c
configure:5199: $? = 0
configure:5213: gcc -E  conftest.c
conftest.c:11:28: fatal error: ac_nonexistent.h: No such file or directory
 #include <ac_nonexistent.h>
                            ^
compilation terminated.
configure:5213: $? = 1
configure: failed program was:
| /* confdefs.h */
| #define PACKAGE_NAME "gbzadmin3"
| #define PACKAGE_TARNAME "gbzadmin3"
| #define PACKAGE_VERSION "2.4.2"
| #define PACKAGE_STRING "gbzadmin3 2.4.2"
| #define PACKAGE_BUGREPORT ""
| #define PACKAGE_URL ""
| #define PACKAGE "gbzadmin3"
| #define VERSION "2.4.2"
| /* end confdefs.h.  */
| #include <ac_nonexistent.h>
configure:5242: checking for grep that handles long lines and -e
configure:5300: result: /bin/grep
configure:5305: checking for egrep
configure:5367: result: /bin/grep -E
configure:5372: checking for ANSI C header files
configure:5392: gcc -c   conftest.c >&5
configure:5392: $? = 0
configure:5465: gcc -o conftest    conftest.c  >&5
configure:5465: $? = 0
configure:5465: ./conftest
configure:5465: $? = 0
configure:5476: result: yes
configure:5551: checking for pkg-config
configure:5569: found /usr/bin/pkg-config
configure:5581: result: /usr/bin/pkg-config
configure:5606: checking pkg-config is at least version 0.9.0
configure:5609: result: yes
configure:5619: checking for PACKAGE
configure:5626: $PKG_CONFIG --exists --print-errors "$pkg_modules"
configure:5629: $? = 0
configure:5643: $PKG_CONFIG --exists --print-errors "$pkg_modules"
configure:5646: $? = 0
configure:5704: result: yes
configure:5713: checking for GLIBMMDEPS
configure:5720: $PKG_CONFIG --exists --print-errors "glibmm-2.4"
configure:5723: $? = 0
configure:5737: $PKG_CONFIG --exists --print-errors "glibmm-2.4"
configure:5740: $? = 0
configure:5798: result: yes
configure:5840: checking how to run the C++ preprocessor
configure:5867: g++ -E  conftest.cpp
configure:5867: $? = 0
configure:5881: g++ -E  conftest.cpp
conftest.cpp:13:28: fatal error: ac_nonexistent.h: No such file or directory
 #include <ac_nonexistent.h>
                            ^
compilation terminated.
configure:5881: $? = 1
configure: failed program was:
| /* confdefs.h */
| #define PACKAGE_NAME "gbzadmin3"
| #define PACKAGE_TARNAME "gbzadmin3"
| #define PACKAGE_VERSION "2.4.2"
| #define PACKAGE_STRING "gbzadmin3 2.4.2"
| #define PACKAGE_BUGREPORT ""
| #define PACKAGE_URL ""
| #define PACKAGE "gbzadmin3"
| #define VERSION "2.4.2"
| #define STDC_HEADERS 1
| #define GETTEXT_PACKAGE "gbzadmin3"
| /* end confdefs.h.  */
| #include <ac_nonexistent.h>
configure:5906: result: g++ -E
configure:5926: g++ -E  conftest.cpp
configure:5926: $? = 0
configure:5940: g++ -E  conftest.cpp
conftest.cpp:13:28: fatal error: ac_nonexistent.h: No such file or directory
 #include <ac_nonexistent.h>
                            ^
compilation terminated.
configure:5940: $? = 1
configure: failed program was:
| /* confdefs.h */
| #define PACKAGE_NAME "gbzadmin3"
| #define PACKAGE_TARNAME "gbzadmin3"
| #define PACKAGE_VERSION "2.4.2"
| #define PACKAGE_STRING "gbzadmin3 2.4.2"
| #define PACKAGE_BUGREPORT ""
| #define PACKAGE_URL ""
| #define PACKAGE "gbzadmin3"
| #define VERSION "2.4.2"
| #define STDC_HEADERS 1
| #define GETTEXT_PACKAGE "gbzadmin3"
| /* end confdefs.h.  */
| #include <ac_nonexistent.h>
configure:5974: checking for sys/types.h
configure:5974: g++ -c  -O2  conftest.cpp >&5
configure:5974: $? = 0
configure:5974: result: yes
configure:5974: checking for sys/stat.h
configure:5974: g++ -c  -O2  conftest.cpp >&5
configure:5974: $? = 0
configure:5974: result: yes
configure:5974: checking for stdlib.h
configure:5974: g++ -c  -O2  conftest.cpp >&5
configure:5974: $? = 0
configure:5974: result: yes
configure:5974: checking for string.h
configure:5974: g++ -c  -O2  conftest.cpp >&5
configure:5974: $? = 0
configure:5974: result: yes
configure:5974: checking for memory.h
configure:5974: g++ -c  -O2  conftest.cpp >&5
configure:5974: $? = 0
configure:5974: result: yes
configure:5974: checking for strings.h
configure:5974: g++ -c  -O2  conftest.cpp >&5
configure:5974: $? = 0
configure:5974: result: yes
configure:5974: checking for inttypes.h
configure:5974: g++ -c  -O2  conftest.cpp >&5
configure:5974: $? = 0
configure:5974: result: yes
configure:5974: checking for stdint.h
configure:5974: g++ -c  -O2  conftest.cpp >&5
configure:5974: $? = 0
configure:5974: result: yes
configure:5974: checking for unistd.h
configure:5974: g++ -c  -O2  conftest.cpp >&5
configure:5974: $? = 0
configure:5974: result: yes
configure:5989: checking locale.h usability
configure:5989: g++ -c  -O2  conftest.cpp >&5
configure:5989: $? = 0
configure:5989: result: yes
configure:5989: checking locale.h presence
configure:5989: g++ -E  conftest.cpp
configure:5989: $? = 0
configure:5989: result: yes
configure:5989: checking for locale.h
configure:5989: result: yes
configure:6000: checking for LC_MESSAGES
configure:6016: g++ -o conftest  -O2   conftest.cpp  >&5
configure:6016: $? = 0
configure:6024: result: yes
configure:6041: checking libintl.h usability
configure:6041: g++ -c  -O2  conftest.cpp >&5
configure:6041: $? = 0
configure:6041: result: yes
configure:6041: checking libintl.h presence
configure:6041: g++ -E  conftest.cpp
configure:6041: $? = 0
configure:6041: result: yes
configure:6041: checking for libintl.h
configure:6041: result: yes
configure:6049: checking for ngettext in libc
configure:6067: g++ -o conftest  -O2   conftest.cpp  >&5
configure:6067: $? = 0
configure:6076: result: yes
configure:6080: checking for dgettext in libc
configure:6098: g++ -o conftest  -O2   conftest.cpp  >&5
configure:6098: $? = 0
configure:6107: result: yes
configure:6114: checking for bind_textdomain_codeset
configure:6114: g++ -o conftest  -O2   conftest.cpp  >&5
configure:6114: $? = 0
configure:6114: result: yes
configure:6390: checking for msgfmt
configure:6417: result: /usr/bin/msgfmt
configure:6428: checking for dcgettext
configure:6428: g++ -o conftest  -O2   conftest.cpp   >&5
configure:6428: $? = 0
configure:6428: result: yes
configure:6438: checking if msgfmt accepts -c
configure:6453: $MSGFMT -c -o /dev/null conftest.foo
configure:6456: $? = 0
configure:6458: result: yes
configure:6468: checking for gmsgfmt
configure:6499: result: /usr/bin/msgfmt
configure:6509: checking for xgettext
configure:6536: result: /usr/bin/xgettext
configure:6555: g++ -o conftest  -O2   conftest.cpp   >&5
configure:6555: $? = 0
configure:6703: checking curl/curl.h usability
configure:6703: gcc -c  -O2  conftest.c >&5
configure:6703: $? = 0
configure:6703: result: yes
configure:6703: checking curl/curl.h presence
configure:6703: gcc -E  conftest.c
configure:6703: $? = 0
configure:6703: result: yes
configure:6703: checking for curl/curl.h
configure:6703: result: yes
configure:6713: checking for curl_global_init in -lcurl
configure:6738: gcc -o conftest  -O2   conftest.c -lcurl   >&5
configure:6738: $? = 0
configure:6747: result: yes
configure:6763: checking for asynaptic programmer
configure:6765: result: found
configure:6879: checking that generated files are newer than configure
configure:6885: result: done
configure:6920: creating ./config.status

## ---------------------- ##
## Running config.status. ##
## ---------------------- ##

This file was extended by gbzadmin3 config.status 2.4.2, which was
generated by GNU Autoconf 2.69.  Invocation command line was

  CONFIG_FILES    = 
  CONFIG_HEADERS  = 
  CONFIG_LINKS    = 
  CONFIG_COMMANDS = 
  $ ./config.status 

on mrcoffee

config.status:910: creating Makefile
config.status:910: creating src/Makefile
config.status:910: creating po/Makefile.in
config.status:910: creating config.h
config.status:1091: config.h is unchanged
config.status:1139: executing depfiles commands
config.status:1139: executing default-1 commands
configure:8244: result: Done.
configure:8246: result: 

## ---------------- ##
## Cache variables. ##
## ---------------- ##

ac_cv_c_compiler_gnu=yes
ac_cv_cxx_compiler_gnu=yes
ac_cv_env_CCC_set=
ac_cv_env_CCC_value=
ac_cv_env_CC_set=
ac_cv_env_CC_value=
ac_cv_env_CFLAGS_set=
ac_cv_env_CFLAGS_value=
ac_cv_env_CPPFLAGS_set=
ac_cv_env_CPPFLAGS_value=
ac_cv_env_CPP_set=
ac_cv_env_CPP_value=
ac_cv_env_CXXCPP_set=
ac_cv_env_CXXCPP_value=
ac_cv_env_CXXFLAGS_set=
ac_cv_env_CXXFLAGS_value=
ac_cv_env_CXX_set=
ac_cv_env_CXX_value=
ac_cv_env_GLIBMMDEPS_CFLAGS_set=
ac_cv_env_GLIBMMDEPS_CFLAGS_value=
ac_cv_env_GLIBMMDEPS_LIBS_set=
ac_cv_env_GLIBMMDEPS_LIBS_value=
ac_cv_env_LDFLAGS_set=
ac_cv_env_LDFLAGS_value=
ac_cv_env_LIBS_set=
ac_cv_env_LIBS_value=
ac_cv_env_PACKAGE_CFLAGS_set=
ac_cv_env_PACKAGE_CFLAGS_value=
ac_cv_env_PACKAGE_LIBS_set=
ac_cv_env_PACKAGE_LIBS_value=
ac_cv_env_PKG_CONFIG_LIBDIR_set=
ac_cv_env_PKG_CONFIG_LIBDIR_value=
ac_cv_env_PKG_CONFIG_PATH_set=
ac_cv_env_PKG_CONFIG_PATH_value=
ac_cv_env_PKG_CONFIG_set=
ac_cv_env_PKG_CONFIG_value=
ac_cv_env_build_alias_set=
ac_cv_env_build_alias_value=
ac_cv_env_host_alias_set=
ac_cv_env_host_alias_value=
ac_cv_env_target_alias_set=
ac_cv_env_target_alias_value=
ac_cv_func_bind_textdomain_codeset=yes
ac_cv_func_dcgettext=yes
ac_cv_header_curl_curl_h=yes
ac_cv_header_inttypes_h=yes
ac_cv_header_libintl_h=yes
ac_cv_header_locale_h=yes
ac_cv_header_memory_h=yes
ac_cv_header_stdc=yes
ac_cv_header_stdint_h=yes
ac_cv_header_stdlib_h=yes
ac_cv_header_string_h=yes
ac_cv_header_strings_h=yes
ac_cv_header_sys_stat_h=yes
ac_cv_header_sys_types_h=yes
ac_cv_header_unistd_h=yes
ac_cv_lib_curl_curl_global_init=yes
ac_cv_objext=o
ac_cv_path_EGREP='/bin/grep -E'
ac_cv_path_GMSGFMT=/usr/bin/msgfmt
ac_cv_path_GREP=/bin/grep
ac_cv_path_MSGFMT=/usr/bin/msgfmt
ac_cv_path_XGETTEXT=/usr/bin/xgettext
ac_cv_path_ac_pt_PKG_CONFIG=/usr/bin/pkg-config
ac_cv_path_install='/usr/bin/install -c'
ac_cv_path_mkdir=/bin/mkdir
ac_cv_prog_AWK=gawk
ac_cv_prog_CPP='gcc -E'
ac_cv_prog_CXXCPP='g++ -E'
ac_cv_prog_ac_ct_CC=gcc
ac_cv_prog_ac_ct_CXX=g++
ac_cv_prog_cc_c89=
ac_cv_prog_cc_g=yes
ac_cv_prog_cxx_g=yes
ac_cv_prog_make_make_set=yes
ac_cv_search_strerror='none required'
am_cv_CC_dependencies_compiler_type=gcc3
am_cv_CXX_dependencies_compiler_type=gcc3
am_cv_make_support_nested_variables=yes
am_cv_val_LC_MESSAGES=yes
gt_cv_func_dgettext_libc=yes
gt_cv_func_dgettext_libintl=no
gt_cv_func_ngettext_libc=yes
gt_cv_have_gettext=yes
pkg_cv_GLIBMMDEPS_CFLAGS='-I/usr/include/glibmm-2.4 -I/usr/lib/x86_64-linux-gnu/glibmm-2.4/include -I/usr/include/sigc++-2.0 -I/usr/lib/x86_64-linux-gnu/sigc++-2.0/include -I/usr/include/glib-2.0 -I/usr/lib/x86_64-linux-gnu/glib-2.0/include  '
pkg_cv_GLIBMMDEPS_LIBS='-lglibmm-2.4 -lgobject-2.0 -lsigc-2.0 -lglib-2.0  '
pkg_cv_PACKAGE_CFLAGS='-pthread -I/usr/include/gtkmm-2.4 -I/usr/lib/x86_64-linux-gnu/gtkmm-2.4/include -I/usr/include/atkmm-1.6 -I/usr/include/giomm-2.4 -I/usr/lib/x86_64-linux-gnu/giomm-2.4/include -I/usr/include/pangomm-1.4 -I/usr/lib/x86_64-linux-gnu/pangomm-1.4/include -I/usr/include/gtk-2.0 -I/usr/include/gtk-unix-print-2.0 -I/usr/include/gdkmm-2.4 -I/usr/lib/x86_64-linux-gnu/gdkmm-2.4/include -I/usr/include/atk-1.0 -I/usr/include/glibmm-2.4 -I/usr/lib/x86_64-linux-gnu/glibmm-2.4/include -I/usr/include/glib-2.0 -I/usr/lib/x86_64-linux-gnu/glib-2.0/include -I/usr/include/sigc++-2.0 -I/usr/lib/x86_64-linux-gnu/sigc++-2.0/include -I/usr/include/cairomm-1.0 -I/usr/lib/x86_64-linux-gnu/cairomm-1.0/include -I/usr/include/pango-1.0 -I/usr/include/cairo -I/usr/include/pixman-1 -I/usr/include/freetype2 -I/usr/include/libpng12 -I/usr/lib/x86_64-linux-gnu/gtk-2.0/include -I/usr/include/gdk-pixbuf-2.0 -I/usr/include/gio-unix-2.0/ -I/usr/include/harfbuzz  '
pkg_cv_PACKAGE_LIBS='-lgtkmm-2.4 -latkmm-1.6 -lgdkmm-2.4 -lgiomm-2.4 -lpangomm-1.4 -lgtk-x11-2.0 -lglibmm-2.4 -lcairomm-1.0 -lsigc-2.0 -lgdk-x11-2.0 -latk-1.0 -lgio-2.0 -lpangoft2-1.0 -lpangocairo-1.0 -lgdk_pixbuf-2.0 -lcairo -lpango-1.0 -lfreetype -lfontconfig -lgobject-2.0 -lglib-2.0  '

## ----------------- ##
## Output variables. ##
## ----------------- ##

ACLOCAL='aclocal-1.13'
AMDEPBACKSLASH='\'
AMDEP_FALSE='#'
AMDEP_TRUE=''
AMTAR='$${TAR-tar}'
AM_BACKSLASH='\'
AM_DEFAULT_V='$(AM_DEFAULT_VERBOSITY)'
AM_DEFAULT_VERBOSITY='1'
AM_V='$(V)'
AUTOCONF='autoconf'
AUTOHEADER='autoheader'
AUTOMAKE='automake-1.13'
AWK='gawk'
CATALOGS=''
CATOBJEXT='.gmo'
CC='gcc'
CCDEPMODE='depmode=gcc3'
CFLAGS=' -O2 -Wall'
CPP='gcc -E'
CPPFLAGS=''
CXX='g++'
CXXCPP='g++ -E'
CXXDEPMODE='depmode=gcc3'
CXXFLAGS=' -O2 -Wall'
CYGPATH_W='echo'
DATADIRNAME='share'
DEFS='-DHAVE_CONFIG_H'
DEPDIR='.deps'
ECHO_C=''
ECHO_N='-n'
ECHO_T=''
EGREP='/bin/grep -E'
EXEEXT=''
GETTEXT_PACKAGE='gbzadmin3'
GLIBMMDEPS_CFLAGS='-I/usr/include/glibmm-2.4 -I/usr/lib/x86_64-linux-gnu/glibmm-2.4/include -I/usr/include/sigc++-2.0 -I/usr/lib/x86_64-linux-gnu/sigc++-2.0/include -I/usr/include/glib-2.0 -I/usr/lib/x86_64-linux-gnu/glib-2.0/include  '
GLIBMMDEPS_LIBS='-lglibmm-2.4 -lgobject-2.0 -lsigc-2.0 -lglib-2.0  '
GLIBMM_CFLAGS=''
GLIBMM_LIBS=''
GMOFILES=''
GMSGFMT='/usr/bin/msgfmt'
GREP='/bin/grep'
INSTALL_DATA='${INSTALL} -m 644'
INSTALL_PROGRAM='${INSTALL}'
INSTALL_SCRIPT='${INSTALL}'
INSTALL_STRIP_PROGRAM='$(install_sh) -c -s'
INSTOBJEXT='.mo'
INTLLIBS=''
LDFLAGS=''
LIBOBJS=''
LIBS='-L/usr/lib/x86_64-linux-gnu -lcurl'
LTLIBOBJS=''
MAINT='#'
MAINTAINER_MODE_FALSE=''
MAINTAINER_MODE_TRUE='#'
MAKEINFO='makeinfo'
MKDIR_P='/bin/mkdir -p'
MKINSTALLDIRS='./mkinstalldirs'
MSGFMT='/usr/bin/msgfmt'
MSGFMT_OPTS='-c'
OBJEXT='o'
PACKAGE='gbzadmin3'
PACKAGE_BUGREPORT=''
PACKAGE_CFLAGS='-pthread -I/usr/include/gtkmm-2.4 -I/usr/lib/x86_64-linux-gnu/gtkmm-2.4/include -I/usr/include/atkmm-1.6 -I/usr/include/giomm-2.4 -I/usr/lib/x86_64-linux-gnu/giomm-2.4/include -I/usr/include/pangomm-1.4 -I/usr/lib/x86_64-linux-gnu/pangomm-1.4/include -I/usr/include/gtk-2.0 -I/usr/include/gtk-unix-print-2.0 -I/usr/include/gdkmm-2.4 -I/usr/lib/x86_64-linux-gnu/gdkmm-2.4/include -I/usr/include/atk-1.0 -I/usr/include/glibmm-2.4 -I/usr/lib/x86_64-linux-gnu/glibmm-2.4/include -I/usr/include/glib-2.0 -I/usr/lib/x86_64-linux-gnu/glib-2.0/include -I/usr/include/sigc++-2.0 -I/usr/lib/x86_64-linux-gnu/sigc++-2.0/include -I/usr/include/cairomm-1.0 -I/usr/lib/x86_64-linux-gnu/cairomm-1.0/include -I/usr/include/pango-1.0 -I/usr/include/cairo -I/usr/include/pixman-1 -I/usr/include/freetype2 -I/usr/include/libpng12 -I/usr/lib/x86_64-linux-gnu/gtk-2.0/include -I/usr/include/gdk-pixbuf-2.0 -I/usr/include/gio-unix-2.0/ -I/usr/include/harfbuzz  '
PACKAGE_CPPFLAGS=''
PACKAGE_LIBS='-lgtkmm-2.4 -latkmm-1.6 -lgdkmm-2.4 -lgiomm-2.4 -lpangomm-1.4 -lgtk-x11-2.0 -lglibmm-2.4 -lcairomm-1.0 -lsigc-2.0 -lgdk-x11-2.0 -latk-1.0 -lgio-2.0 -lpangoft2-1.0 -lpangocairo-1.0 -lgdk_pixbuf-2.0 -lcairo -lpango-1.0 -lfreetype -lfontconfig -lgobject-2.0 -lglib-2.0  '
PACKAGE_NAME='gbzadmin3'
PACKAGE_STRING='gbzadmin3 2.4.2'
PACKAGE_TARNAME='gbzadmin3'
PACKAGE_URL=''
PACKAGE_VERSION='2.4.2'
PATH_SEPARATOR=':'
PKG_CONFIG='/usr/bin/pkg-config'
PKG_CONFIG_LIBDIR=''
PKG_CONFIG_PATH=''
POFILES=''
POSUB='po'
PO_IN_DATADIR_FALSE=''
PO_IN_DATADIR_TRUE=''
SET_MAKE=''
SHELL='/bin/bash'
STRIP=''
USE_NLS='yes'
VERSION='2.4.2'
XGETTEXT='/usr/bin/xgettext'
ac_ct_CC='gcc'
ac_ct_CXX='g++'
am__EXEEXT_FALSE=''
am__EXEEXT_TRUE='#'
am__fastdepCC_FALSE='#'
am__fastdepCC_TRUE=''
am__fastdepCXX_FALSE='#'
am__fastdepCXX_TRUE=''
am__include='include'
am__isrc=''
am__leading_dot='.'
am__nodep='_no'
am__quote=''
am__tar='$${TAR-tar} chof - "$$tardir"'
am__untar='$${TAR-tar} xf -'
bindir='${exec_prefix}/bin'
build_alias=''
datadir='${datarootdir}'
datarootdir='${prefix}/share'
docdir='${datarootdir}/doc/${PACKAGE_TARNAME}'
dvidir='${docdir}'
exec_prefix='${prefix}'
host_alias=''
htmldir='${docdir}'
includedir='${prefix}/include'
infodir='${datarootdir}/info'
install_sh='${SHELL} /home/mike/projects/gbzadmin3/install-sh'
libdir='${exec_prefix}/lib'
libexecdir='${exec_prefix}/libexec'
localedir='${datarootdir}/locale'
localstatedir='${prefix}/var'
mandir='${datarootdir}/man'
mkdir_p='$(MKDIR_P)'
oldincludedir='/usr/include'
pdfdir='${docdir}'
prefix='/home/mike'
program_transform_name='s,x,x,'
psdir='${docdir}'
sbindir='${exec_prefix}/sbin'
sharedstatedir='${prefix}/com'
sysconfdir='${prefix}/etc'
target_alias=''

## ----------- ##
## confdefs.h. ##
## ----------- ##

/* confdefs.h */
#define PACKAGE_NAME "gbzadmin3"
#define PACKAGE_TARNAME "gbzadmin3"
#define PACKAGE_VERSION "2.4.2"
#define PACKAGE_STRING "gbzadmin3 2.4.2"
#define PACKAGE_BUGREPORT ""
#define PACKAGE_URL ""
#define PACKAGE "gbzadmin3"
#define VERSION "2.4.2"
#define STDC_HEADERS 1
#define GETTEXT_PACKAGE "gbzadmin3"
#define HAVE_SYS_TYPES_H 1
#define HAVE_SYS_STAT_H 1
#define HAVE_STDLIB_H 1
#define HAVE_STRING_H 1
#define HAVE_MEMORY_H 1
#define HAVE_STRINGS_H 1
#define HAVE_INTTYPES_H 1
#define HAVE_STDINT_H 1
#define HAVE_UNISTD_H 1
#define HAVE_LOCALE_H 1
#define HAVE_LC_MESSAGES 1
#define HAVE_BIND_TEXTDOMAIN_CODESET 1
#define HAVE_GETTEXT 1
#define HAVE_DCGETTEXT 1
#define ENABLE_NLS 1
#define HAVE_CURL_CURL_H 1
#define HAVE_LIBCURL 1

configure: exit 0
